<?xml version="1.0" encoding="UTF-8"?>
<!-- Generated by org.testng.reporters.JUnitXMLReporter -->
<testsuite ignored="2" hostname="NowGGs-MacBook-Pro.local" failures="0" tests="2" name="MyTest" time="13.626" errors="0" timestamp="2025-10-26T10:13:24 IST">
  <testcase classname="TestCases.RegistrationTest" name="registrationTest" time="5.635"/>
  <testcase classname="TestCases.LoginTest" name="loginTest" time="3.889"/>
  <testcase classname="TestCases.BaseTestClass" name="@BeforeTest setup" time="0.0">
    <ignored/>
  </testcase> <!-- @BeforeTest setup -->
  <testcase classname="TestCases.BaseTestClass" name="@AfterTest teardown" time="0.0">
    <ignored/>
  </testcase> <!-- @AfterTest teardown -->
</testsuite> <!-- MyTest -->
