<?xml version="1.0" encoding="UTF-8"?>
<!-- Generated by org.testng.reporters.JUnitXMLReporter -->
<testsuite ignored="2" hostname="NowGGs-MacBook-Pro.local" failures="0" tests="2" name="MyTest" time="14.2" errors="0" timestamp="2025-10-25T11:15:51 IST">
  <testcase classname="TestCases.RegistrationTest" name="registrationTest" time="5.835"/>
  <testcase classname="TestCases.LoginTest" name="loginTest" time="4.704"/>
  <testcase classname="TestCases.BaseTestClass" name="@AfterTest teardown" time="0.0">
    <ignored/>
  </testcase> <!-- @AfterTest teardown -->
  <testcase classname="TestCases.BaseTestClass" name="@BeforeTest setup" time="0.0">
    <ignored/>
  </testcase> <!-- @BeforeTest setup -->
</testsuite> <!-- MyTest -->
