<?xml version="1.0" encoding="UTF-8"?>
<testsuite xmlns:xsi="http://www.w3.org/2001/XMLSchema-instance" xsi:noNamespaceSchemaLocation="https://maven.apache.org/surefire/maven-surefire-plugin/xsd/surefire-test-report.xsd" version="3.0.1" name="TestSuite" time="24.328" tests="2" errors="0" skipped="0" failures="0">
  <properties>
[...]
</properties>
  <testcase name="registrationTest" classname="TestCases.RegistrationTest" time="6.114">
    <system-out><![CDATA[Test Suite Started: MyTest
executing setup method
10:07:15.331 [main] INFO  TestCases.BaseTestClass - ********** Starting Test Execution **********
Test Started: registrationTest
Included Groups: [registeration]
in registration test method
10:07:19.043 [main] INFO  TestCases.BaseTestClass - ********** Starting Registration Test **********
in basepage constructor
in homepage constructor
in basepage constructor
in register page constructor
registration successful
in basepage constructor
in myaccountpage constructor
Test Passed: registrationTest
]]></system-out>
    <system-err><![CDATA[SLF4J: Failed to load class "org.slf4j.impl.StaticLoggerBinder".
SLF4J: Defaulting to no-operation (NOP) logger implementation
SLF4J: See http://www.slf4j.org/codes.html#StaticLoggerBinder for further details.
Oct 26, 2025 10:07:17 AM org.openqa.selenium.devtools.CdpVersionFinder findNearestMatch
WARNING: Unable to find an exact match for CDP version 141, returning the closest version; found: 139; Please update to a Selenium version that supports CDP version 141
]]></system-err>
  </testcase>
  <testcase name="loginTest" classname="TestCases.LoginTest" time="3.923">
    <system-out><![CDATA[Test Started: loginTest
Included Groups: []
in login test method
in basepage constructor
in homepage constructor
in basepage constructor
in loginpage constructor
in basepage constructor
in register page constructor
in basepage constructor
in myaccountpage constructor
login successful
Test Passed: loginTest
]]></system-out>
  </testcase>
</testsuite>