<?xml version="1.0" encoding="UTF-8"?>
<testng-results ignored="0" total="2" passed="2" failed="0" skipped="0">
  <reporter-output>
  </reporter-output>
  <suite started-at="2025-10-26T06:34:19 IST" name="MySuite" finished-at="2025-10-26T06:34:32 IST" duration-ms="13503">
    <groups>
      <group name="registeration">
        <method signature="RegistrationTest.registrationTest()[pri:0, instance:TestCases.RegistrationTest@56c4278e]" name="registrationTest" class="TestCases.RegistrationTest"/>
      </group> <!-- registeration -->
    </groups>
    <test started-at="2025-10-26T06:34:19 IST" name="MyTest" finished-at="2025-10-26T06:34:32 IST" duration-ms="13503">
      <class name="TestCases.LoginTest">
        <test-method signature="loginTest()[pri:0, instance:TestCases.LoginTest@1bd39d3c]" started-at="2025-10-26T06:34:28 IST" name="loginTest" depends-on-groups="registeration" finished-at="2025-10-26T06:34:32 IST" duration-ms="3683" status="PASS">
          <reporter-output>
          </reporter-output>
        </test-method> <!-- loginTest -->
      </class> <!-- TestCases.LoginTest -->
      <class name="TestCases.RegistrationTest">
        <test-method is-config="true" signature="setup(java.lang.String)[pri:0, instance:TestCases.RegistrationTest@56c4278e]" started-at="2025-10-26T06:34:19 IST" name="setup" finished-at="2025-10-26T06:34:23 IST" duration-ms="4310" status="PASS">
          <params>
            <param index="0">
              <value>
                <![CDATA[chrome]]>
              </value>
            </param>
          </params>
          <reporter-output>
          </reporter-output>
        </test-method> <!-- setup -->
        <test-method signature="registrationTest()[pri:0, instance:TestCases.RegistrationTest@56c4278e]" started-at="2025-10-26T06:34:23 IST" name="registrationTest" finished-at="2025-10-26T06:34:28 IST" duration-ms="5385" status="PASS">
          <reporter-output>
          </reporter-output>
        </test-method> <!-- registrationTest -->
        <test-method is-config="true" signature="teardown()[pri:0, instance:TestCases.RegistrationTest@56c4278e]" started-at="2025-10-26T06:34:32 IST" name="teardown" finished-at="2025-10-26T06:34:32 IST" duration-ms="102" status="PASS">
          <reporter-output>
          </reporter-output>
        </test-method> <!-- teardown -->
      </class> <!-- TestCases.RegistrationTest -->
    </test> <!-- MyTest -->
  </suite> <!-- MySuite -->
</testng-results>
